<?xml version="1.0" encoding="UTF-8"?>
<!-- Generated by org.testng.reporters.JUnitXMLReporter -->
<testsuite ignored="19" hostname="DESKTOP-A2S9SMV" failures="0" tests="1" name="SpotifySuiteFile" time="11.108" errors="0" timestamp="2023-12-06T20:25:56 IST">
  <testcase classname="com.spotify.oauth2.testcases.PlaylistTestCases" name="ValidateCreatingAPlaylist" time="10.745"/>
  <testcase classname="com.spotify.oauth2.testcases.PlaylistTestCases" name="ValidateToAddIteamToPlayList" time="0.0">
    <ignored/>
  </testcase> <!-- ValidateToAddIteamToPlayList -->
  <testcase classname="com.spotify.oauth2.testcases.PlaylistTestCases" name="ValidateCreatingAPlaylistWithoutPlayListName" time="0.0">
    <ignored/>
  </testcase> <!-- ValidateCreatingAPlaylistWithoutPlayListName -->
  <testcase classname="com.spotify.oauth2.testcases.PlaylistTestCases" name="ValidateFetchingAPlaylist" time="0.0">
    <ignored/>
  </testcase> <!-- ValidateFetchingAPlaylist -->
  <testcase classname="com.spotify.oauth2.testcases.PlaylistTestCases" name="ValidateToAddIteamToPlayListWithoutUris" time="0.0">
    <ignored/>
  </testcase> <!-- ValidateToAddIteamToPlayListWithoutUris -->
  <testcase classname="com.spotify.oauth2.testcases.PlaylistTestCases" name="ValidateUpdatingAPlaylistWithInvalidToken" time="0.0">
    <ignored/>
  </testcase> <!-- ValidateUpdatingAPlaylistWithInvalidToken -->
  <testcase classname="com.spotify.oauth2.testcases.PlaylistTestCases" name="ValidateUpdatingAPlaylist" time="0.0">
    <ignored/>
  </testcase> <!-- ValidateUpdatingAPlaylist -->
  <testcase classname="com.spotify.oauth2.testcases.PlaylistTestCases" name="ValidateCreatingAPlaylistWithInvalidToken" time="0.0">
    <ignored/>
  </testcase> <!-- ValidateCreatingAPlaylistWithInvalidToken -->
  <testcase classname="com.spotify.oauth2.testcases.PlaylistTestCases" name="ValidatePlayListJsonSchema" time="0.0">
    <ignored/>
  </testcase> <!-- ValidatePlayListJsonSchema -->
  <testcase classname="com.spotify.oauth2.testcases.PlaylistTestCases" name="ValidateToGetIteamToPlayList" time="0.0">
    <ignored/>
  </testcase> <!-- ValidateToGetIteamToPlayList -->
  <testcase classname="com.spotify.oauth2.testcases.PlaylistTestCases" name="ValidateUpdatingAPlaylistWithoutPlayListNameAndWithoutPlayListDescription" time="0.0">
    <ignored/>
  </testcase> <!-- ValidateUpdatingAPlaylistWithoutPlayListNameAndWithoutPlayListDescription -->
  <testcase classname="com.spotify.oauth2.testcases.PlaylistTestCases" name="ValidateUpdatingAPlaylistWithoutPlayListName" time="0.0">
    <ignored/>
  </testcase> <!-- ValidateUpdatingAPlaylistWithoutPlayListName -->
  <testcase classname="com.spotify.oauth2.testcases.PlaylistTestCases" name="ValidateToAddIteamToPlayListwithInvalidPlayListID" time="0.0">
    <ignored/>
  </testcase> <!-- ValidateToAddIteamToPlayListwithInvalidPlayListID -->
  <testcase classname="com.spotify.oauth2.testcases.PlaylistTestCases" name="ValidateToAddIteamToPlayListWithInvalidToken" time="0.0">
    <ignored/>
  </testcase> <!-- ValidateToAddIteamToPlayListWithInvalidToken -->
  <testcase classname="com.spotify.oauth2.testcases.PlaylistTestCases" name="ValidateUpdatingAPlaylistWithoutPlayListDescription" time="0.0">
    <ignored/>
  </testcase> <!-- ValidateUpdatingAPlaylistWithoutPlayListDescription -->
  <testcase classname="com.spotify.oauth2.testcases.PlaylistTestCases" name="ValidateToRemoveIteamToPlayList" time="0.0">
    <ignored/>
  </testcase> <!-- ValidateToRemoveIteamToPlayList -->
  <testcase classname="com.spotify.oauth2.testcases.PlaylistTestCases" name="ValidateFetchingAPlaylistWithInvalidID" time="0.0">
    <ignored/>
  </testcase> <!-- ValidateFetchingAPlaylistWithInvalidID -->
  <testcase classname="com.spotify.oauth2.testcases.PlaylistTestCases" name="ValidateCreatingAPlaylistWithoutPlayListDescription" time="0.0">
    <ignored/>
  </testcase> <!-- ValidateCreatingAPlaylistWithoutPlayListDescription -->
  <testcase classname="com.spotify.oauth2.testcases.PlaylistTestCases" name="ValidateFetchingAPlaylistWithInvalidToken" time="0.0">
    <ignored/>
  </testcase> <!-- ValidateFetchingAPlaylistWithInvalidToken -->
  <testcase classname="com.spotify.oauth2.testcases.PlaylistTestCases" name="ValidateAddIteamToPlayListJsonSchema" time="0.0">
    <ignored/>
  </testcase> <!-- ValidateAddIteamToPlayListJsonSchema -->
</testsuite> <!-- SpotifySuiteFile -->
