<?xml version="1.0" encoding="UTF-8"?>
<!-- Generated by org.testng.reporters.JUnitXMLReporter -->
<testsuite ignored="1" hostname="DESKTOP-A2S9SMV" failures="0" tests="1" name="MainXMLTestFile" time="5.137" errors="0" timestamp="2023-11-14T13:26:27 IST">
  <testcase classname="com.spotify.oauth2.testcases.PlaylistTestCases" name="ValidateCreatingAPlaylist" time="4.99"/>
  <testcase classname="com.spotify.oauth2.testcases.PlaylistTestCases" name="ValidateFetchingAPlaylist" time="0.0">
    <ignored/>
  </testcase> <!-- ValidateFetchingAPlaylist -->
</testsuite> <!-- MainXMLTestFile -->
