<?xml version="1.0" encoding="UTF-8"?>
<!-- Generated by org.testng.reporters.JUnitXMLReporter -->
<testsuite ignored="0" hostname="DESKTOP-A2S9SMV" failures="0" tests="4" name="MainXMLTestFile" time="6.832" errors="0" timestamp="2023-11-20T19:52:08 IST">
  <testcase classname="com.spotify.oauth2.testcases.PlaylistTestCases" name="ValidateCreatingAPlaylist" time="5.182"/>
  <testcase classname="com.spotify.oauth2.testcases.PlaylistTestCases" name="ValidateFetchingAPlaylist" time="0.495"/>
  <testcase classname="com.spotify.oauth2.testcases.PlaylistTestCases" name="ValidateCreatingAPlaylistWithoutPlayListName" time="0.31"/>
  <testcase classname="com.spotify.oauth2.testcases.PlaylistTestCases" name="ValidateCreatingAPlaylistWithoutPlayListDescription" time="0.658"/>
</testsuite> <!-- MainXMLTestFile -->
