<?xml version="1.0" encoding="UTF-8"?>
<!-- Generated by org.testng.reporters.JUnitXMLReporter -->
<testsuite ignored="0" hostname="DESKTOP-A2S9SMV" failures="0" tests="2" name="Default test" time="7.197" errors="0" timestamp="2023-11-11T18:24:05 IST">
  <testcase classname="com.spotify.oauth2.testcases.PlaylistTestCases" name="ValidateCreatingAPlaylist" time="6.468"/>
  <testcase classname="com.spotify.oauth2.testcases.PlaylistTestCases" name="ValidateFetchingAPlaylist" time="0.48"/>
</testsuite> <!-- Default test -->
