<?xml version="1.0" encoding="UTF-8"?>
<testng-results ignored="1" total="2" passed="1" failed="0" skipped="0">
  <reporter-output>
  </reporter-output>
  <suite started-at="2023-11-14T13:26:22 IST" name="MainXMLSuiteFile" finished-at="2023-11-14T13:26:27 IST" duration-ms="5137">
    <groups>
    </groups>
    <test started-at="2023-11-14T13:26:22 IST" name="MainXMLTestFile" finished-at="2023-11-14T13:26:27 IST" duration-ms="5137">
      <class name="com.spotify.oauth2.testcases.PlaylistTestCases">
        <test-method signature="ValidateCreatingAPlaylist()[pri:0, instance:com.spotify.oauth2.testcases.PlaylistTestCases@51133c06]" started-at="2023-11-14T13:26:22 IST" name="ValidateCreatingAPlaylist" description="ValidateCreatingAPlaylist" finished-at="2023-11-14T13:26:27 IST" duration-ms="4990" status="PASS">
          <reporter-output>
          </reporter-output>
        </test-method> <!-- ValidateCreatingAPlaylist -->
      </class> <!-- com.spotify.oauth2.testcases.PlaylistTestCases -->
    </test> <!-- MainXMLTestFile -->
  </suite> <!-- MainXMLSuiteFile -->
</testng-results>
