<?xml version="1.0" encoding="UTF-8"?>
<testng-results ignored="0" total="2" passed="2" failed="0" skipped="0">
  <reporter-output>
  </reporter-output>
  <suite started-at="2023-11-14T15:08:15 IST" name="MainXMLSuiteFile" finished-at="2023-11-14T15:08:20 IST" duration-ms="5790">
    <groups>
    </groups>
    <test started-at="2023-11-14T15:08:15 IST" name="MainXMLTestFile" finished-at="2023-11-14T15:08:20 IST" duration-ms="5790">
      <class name="com.spotify.oauth2.testcases.PlaylistTestCases">
        <test-method signature="ValidateCreatingAPlaylist()[pri:0, instance:com.spotify.oauth2.testcases.PlaylistTestCases@51133c06]" started-at="2023-11-14T15:08:15 IST" name="ValidateCreatingAPlaylist" description="ValidateCreatingAPlaylist" finished-at="2023-11-14T15:08:20 IST" duration-ms="5253" status="PASS">
          <reporter-output>
          </reporter-output>
        </test-method> <!-- ValidateCreatingAPlaylist -->
        <test-method signature="ValidateFetchingAPlaylist()[pri:0, instance:com.spotify.oauth2.testcases.PlaylistTestCases@51133c06]" started-at="2023-11-14T15:08:20 IST" name="ValidateFetchingAPlaylist" description="ValidateFetchingAPlaylist" finished-at="2023-11-14T15:08:20 IST" duration-ms="367" status="PASS">
          <reporter-output>
          </reporter-output>
        </test-method> <!-- ValidateFetchingAPlaylist -->
      </class> <!-- com.spotify.oauth2.testcases.PlaylistTestCases -->
    </test> <!-- MainXMLTestFile -->
  </suite> <!-- MainXMLSuiteFile -->
</testng-results>
